<?xml version="1.0" encoding="UTF-8"?>
<!-- Generated by org.testng.reporters.JUnitReportReporter -->
<testsuite hostname="LAPTOP-L46DOE7D" failures="0" tests="4" name="TestCases.MyFirstUserStory2" time="10.890" errors="0" timestamp="07 Feb 2023 02:08:59 GMT" skipped="0">
  <testcase classname="TestCases.MyFirstUserStory2" name="TC_01_Verify_Google_SearchSection" time="2.101"/>
  <testcase classname="TestCases.MyFirstUserStory2" name="TC_02_Verify_Google_SearchSection" time="1.684"/>
  <testcase classname="TestCases.MyFirstUserStory2" name="TC_04_8849m_Verify_RadioButton_is_displayed_for_Genderand_select_female" time="2.646"/>
  <testcase classname="TestCases.MyFirstUserStory2" name="TC_03_Verify_8849m_InputBox" time="4.459"/>
</testsuite> <!-- TestCases.MyFirstUserStory2 -->
